Using pre-set license
Built from '2020.3/staging' branch; Version is '2020.3.29f1 (2ff179115da0) revision 3142009'; Using compiler version '192528614'; Build Type 'Release'
OS: 'Windows 10  (10.0.19042) 64bit Core' Language: 'en' Physical Memory: 16333 MB
BatchMode: 1, IsHumanControllingUs: 0, StartBugReporterOnCrash: 0, Is64bit: 1, IsPro: 0

COMMAND LINE ARGUMENTS:
D:\Program Files\Unity Hub\Editor\2020.3.29f1\Editor\Unity.exe
-adb2
-batchMode
-noUpm
-name
AssetImportWorker0
-projectPath
C:/Users/Ken1k/CST 325 project 3 space invaders
-logFile
Logs/AssetImportWorker0.log
-srvPort
49275
Successfully changed project path to: C:/Users/Ken1k/CST 325 project 3 space invaders
C:/Users/Ken1k/CST 325 project 3 space invaders
Using Asset Import Pipeline V2.
Refreshing native plugins compatible for Editor in 42.19 ms, found 3 plugins.
Preloading 0 native plugins for Editor in 0.00 ms.
Initialize engine version: 2020.3.29f1 (2ff179115da0)
[Subsystems] Discovering subsystems at path D:/Program Files/Unity Hub/Editor/2020.3.29f1/Editor/Data/Resources/UnitySubsystems
[Subsystems] Discovering subsystems at path C:/Users/Ken1k/CST 325 project 3 space invaders/Assets
GfxDevice: creating device client; threaded=0
Direct3D:
    Version:  Direct3D 11.0 [level 11.1]
    Renderer: NVIDIA GeForce GTX 1660 Ti (ID=0x2182)
    Vendor:   
    VRAM:     5991 MB
    Driver:   27.21.14.6589
Initialize mono
Mono path[0] = 'D:/Program Files/Unity Hub/Editor/2020.3.29f1/Editor/Data/Managed'
Mono path[1] = 'D:/Program Files/Unity Hub/Editor/2020.3.29f1/Editor/Data/MonoBleedingEdge/lib/mono/unityjit'
Mono config path = 'D:/Program Files/Unity Hub/Editor/2020.3.29f1/Editor/Data/MonoBleedingEdge/etc'
Using monoOptions --debugger-agent=transport=dt_socket,embedding=1,server=y,suspend=n,address=127.0.0.1:56436
Begin MonoManager ReloadAssembly
Registering precompiled unity dll's ...
Register platform support module: D:/Program Files/Unity Hub/Editor/2020.3.29f1/Editor/Data/PlaybackEngines/WebGLSupport/UnityEditor.WebGL.Extensions.dll
Register platform support module: D:/Program Files/Unity Hub/Editor/2020.3.29f1/Editor/Data/PlaybackEngines/WindowsStandaloneSupport/UnityEditor.WindowsStandalone.Extensions.dll
Registered in 0.001327 seconds.
Native extension for WindowsStandalone target not found
Native extension for WebGL target not found
Refreshing native plugins compatible for Editor in 42.30 ms, found 3 plugins.
Preloading 0 native plugins for Editor in 0.00 ms.
Mono: successfully reloaded assembly
- Completed reload, in  0.496 seconds
Domain Reload Profiling:
	ReloadAssembly (496ms)
		BeginReloadAssembly (52ms)
			ExecutionOrderSort (0ms)
			DisableScriptedObjects (0ms)
			BackupInstance (0ms)
			ReleaseScriptingObjects (0ms)
			CreateAndSetChildDomain (1ms)
		EndReloadAssembly (383ms)
			LoadAssemblies (51ms)
			RebuildTransferFunctionScriptingTraits (0ms)
			SetupTypeCache (126ms)
			ReleaseScriptCaches (0ms)
			RebuildScriptCaches (25ms)
			SetupLoadedEditorAssemblies (151ms)
				LogAssemblyErrors (0ms)
				InitializePlatformSupportModulesInManaged (4ms)
				SetLoadedEditorAssemblies (0ms)
				RefreshPlugins (42ms)
				BeforeProcessingInitializeOnLoad (15ms)
				ProcessInitializeOnLoadAttributes (66ms)
				ProcessInitializeOnLoadMethodAttributes (23ms)
				AfterProcessingInitializeOnLoad (0ms)
				EditorAssembliesLoaded (0ms)
			ExecutionOrderSort2 (0ms)
			AwakeInstancesAfterBackupRestoration (0ms)
Platform modules already initialized, skipping
Registering precompiled user dll's ...
Registered in 0.002912 seconds.
Begin MonoManager ReloadAssembly
Native extension for WindowsStandalone target not found
Native extension for WebGL target not found
Refreshing native plugins compatible for Editor in 44.70 ms, found 3 plugins.
Preloading 0 native plugins for Editor in 0.00 ms.
Mono: successfully reloaded assembly
- Completed reload, in  0.948 seconds
Domain Reload Profiling:
	ReloadAssembly (948ms)
		BeginReloadAssembly (133ms)
			ExecutionOrderSort (0ms)
			DisableScriptedObjects (4ms)
			BackupInstance (0ms)
			ReleaseScriptingObjects (0ms)
			CreateAndSetChildDomain (20ms)
		EndReloadAssembly (765ms)
			LoadAssemblies (85ms)
			RebuildTransferFunctionScriptingTraits (0ms)
			SetupTypeCache (256ms)
			ReleaseScriptCaches (1ms)
			RebuildScriptCaches (41ms)
			SetupLoadedEditorAssemblies (292ms)
				LogAssemblyErrors (0ms)
				InitializePlatformSupportModulesInManaged (3ms)
				SetLoadedEditorAssemblies (0ms)
				RefreshPlugins (45ms)
				BeforeProcessingInitializeOnLoad (69ms)
				ProcessInitializeOnLoadAttributes (160ms)
				ProcessInitializeOnLoadMethodAttributes (13ms)
				AfterProcessingInitializeOnLoad (2ms)
				EditorAssembliesLoaded (0ms)
			ExecutionOrderSort2 (0ms)
			AwakeInstancesAfterBackupRestoration (5ms)
Platform modules already initialized, skipping
========================================================================
Worker process is ready to serve import requests
Launched and connected shader compiler UnityShaderCompiler.exe after 0.05 seconds
Refreshing native plugins compatible for Editor in 0.64 ms, found 3 plugins.
Preloading 0 native plugins for Editor in 0.00 ms.
Unloading 2199 Unused Serialized files (Serialized files now loaded: 0)
System memory in use before: 95.9 MB.
System memory in use after: 95.8 MB.

Unloading 31 unused Assets to reduce memory usage. Loaded Objects now: 2630.
Total: 3.197200 ms (FindLiveObjects: 0.274700 ms CreateObjectMapping: 0.053200 ms MarkObjects: 2.718500 ms  DeleteObjects: 0.149400 ms)

AssetImportParameters requested are different than current active one (requested -> active):
  custom:framework-win-MediaFoundation: 216162199b28c13a410421893ffa2e32 -> 
  custom:video-decoder-ogg-theora: a1e56fd34408186e4bbccfd4996cb3dc -> 
  custom:container-muxer-webm: aa71ff27fc2769a1b78a27578f13a17b -> 
  custom:container-demuxer-webm: 4f35f7cbe854078d1ac9338744f61a02 -> 
  custom:container-demuxer-ogg: 62fdf1f143b41e24485cea50d1cbac27 -> 
  custom:video-encoder-webm-vp8: eb34c28f22e8b96e1ab97ce403110664 -> 
  custom:video-decoder-webm-vp8: 9c59270c3fd7afecdb556c50c9e8de78 -> 
  custom:audio-decoder-ogg-vorbis: bf7c407c2cedff20999df2af8eb42d56 -> 
  custom:audio-encoder-webm-vorbis: bf7c407c2cedff20999df2af8eb42d56 -> 
========================================================================
Received Import Request.
  path: Assets/2D Animation Demo/Scripts/Enemy.cs
  artifactKey: Guid(796aad014e2107342a60ed88af81c745) Importer(815301076,1909f56bfc062723c751e8b465ee728b)
Start importing Assets/2D Animation Demo/Scripts/Enemy.cs using Guid(796aad014e2107342a60ed88af81c745) Importer(815301076,1909f56bfc062723c751e8b465ee728b)  -> (artifact id: '6e997cd90947db3c2fa8128d61d2c831') in 0.031615 seconds 
  Import took 0.034748 seconds .

========================================================================
Received Import Request.
  Time since last request: 118.762182 seconds.
  path: Assets/2D Animation Demo/Scripts/EnemyManager.cs
  artifactKey: Guid(cd1cf51eb455eaf4cb91879c02a7363f) Importer(815301076,1909f56bfc062723c751e8b465ee728b)
Start importing Assets/2D Animation Demo/Scripts/EnemyManager.cs using Guid(cd1cf51eb455eaf4cb91879c02a7363f) Importer(815301076,1909f56bfc062723c751e8b465ee728b)  -> (artifact id: 'd2342a77e53466f5d2fd133dd3f1a4ab') in 0.007101 seconds 
  Import took 0.010582 seconds .

========================================================================
Received Prepare
Registering precompiled user dll's ...
Registered in 0.002878 seconds.
Begin MonoManager ReloadAssembly
Native extension for WindowsStandalone target not found
Native extension for WebGL target not found
Refreshing native plugins compatible for Editor in 0.54 ms, found 3 plugins.
Preloading 0 native plugins for Editor in 0.00 ms.
Mono: successfully reloaded assembly
- Completed reload, in  0.797 seconds
Domain Reload Profiling:
	ReloadAssembly (797ms)
		BeginReloadAssembly (99ms)
			ExecutionOrderSort (0ms)
			DisableScriptedObjects (5ms)
			BackupInstance (0ms)
			ReleaseScriptingObjects (0ms)
			CreateAndSetChildDomain (33ms)
		EndReloadAssembly (649ms)
			LoadAssemblies (77ms)
			RebuildTransferFunctionScriptingTraits (0ms)
			SetupTypeCache (231ms)
			ReleaseScriptCaches (1ms)
			RebuildScriptCaches (34ms)
			SetupLoadedEditorAssemblies (231ms)
				LogAssemblyErrors (0ms)
				InitializePlatformSupportModulesInManaged (4ms)
				SetLoadedEditorAssemblies (0ms)
				RefreshPlugins (1ms)
				BeforeProcessingInitializeOnLoad (66ms)
				ProcessInitializeOnLoadAttributes (150ms)
				ProcessInitializeOnLoadMethodAttributes (8ms)
				AfterProcessingInitializeOnLoad (2ms)
				EditorAssembliesLoaded (0ms)
			ExecutionOrderSort2 (0ms)
			AwakeInstancesAfterBackupRestoration (7ms)
Platform modules already initialized, skipping
Refreshing native plugins compatible for Editor in 0.64 ms, found 3 plugins.
Preloading 0 native plugins for Editor in 0.00 ms.
Unloading 2195 Unused Serialized files (Serialized files now loaded: 0)
System memory in use before: 95.9 MB.
System memory in use after: 95.9 MB.

Unloading 20 unused Assets to reduce memory usage. Loaded Objects now: 2633.
Total: 3.219000 ms (FindLiveObjects: 0.231200 ms CreateObjectMapping: 0.083600 ms MarkObjects: 2.751600 ms  DeleteObjects: 0.151800 ms)

AssetImportParameters requested are different than current active one (requested -> active):
  custom:framework-win-MediaFoundation: 216162199b28c13a410421893ffa2e32 -> 
  custom:video-decoder-ogg-theora: a1e56fd34408186e4bbccfd4996cb3dc -> 
  custom:container-muxer-webm: aa71ff27fc2769a1b78a27578f13a17b -> 
  custom:container-demuxer-webm: 4f35f7cbe854078d1ac9338744f61a02 -> 
  custom:container-demuxer-ogg: 62fdf1f143b41e24485cea50d1cbac27 -> 
  custom:video-encoder-webm-vp8: eb34c28f22e8b96e1ab97ce403110664 -> 
  custom:video-decoder-webm-vp8: 9c59270c3fd7afecdb556c50c9e8de78 -> 
  custom:audio-decoder-ogg-vorbis: bf7c407c2cedff20999df2af8eb42d56 -> 
  custom:audio-encoder-webm-vorbis: bf7c407c2cedff20999df2af8eb42d56 -> 
========================================================================
Received Import Request.
  Time since last request: 2881.121361 seconds.
  path: Assets/2D Animation Demo/Scripts/Bullet.cs
  artifactKey: Guid(426915664ed49de478a28c2504900152) Importer(815301076,1909f56bfc062723c751e8b465ee728b)
Start importing Assets/2D Animation Demo/Scripts/Bullet.cs using Guid(426915664ed49de478a28c2504900152) Importer(815301076,1909f56bfc062723c751e8b465ee728b)  -> (artifact id: 'e1acf0f4ce6d8de4b25318322c283f3e') in 0.009297 seconds 
  Import took 0.012318 seconds .

========================================================================
Received Import Request.
  Time since last request: 5725.035890 seconds.
  path: Assets/2D Animation Demo/Scripts/scoreManager.cs
  artifactKey: Guid(042a123c67651d941a21e2517321b9ee) Importer(815301076,1909f56bfc062723c751e8b465ee728b)
Start importing Assets/2D Animation Demo/Scripts/scoreManager.cs using Guid(042a123c67651d941a21e2517321b9ee) Importer(815301076,1909f56bfc062723c751e8b465ee728b)  -> (artifact id: 'd49bd6e872c18d5194c8b620a70a1419') in 0.008371 seconds 
  Import took 0.012540 seconds .

========================================================================
Received Import Request.
  Time since last request: 378.965802 seconds.
  path: Assets/2D Animation Demo/Scripts/scoreManager.cs
  artifactKey: Guid(042a123c67651d941a21e2517321b9ee) Importer(815301076,1909f56bfc062723c751e8b465ee728b)
Start importing Assets/2D Animation Demo/Scripts/scoreManager.cs using Guid(042a123c67651d941a21e2517321b9ee) Importer(815301076,1909f56bfc062723c751e8b465ee728b)  -> (artifact id: 'd97c12e3164b2b09a29195619a5f3393') in 0.002730 seconds 
  Import took 0.006878 seconds .

========================================================================
Received Import Request.
  Time since last request: 20038.639516 seconds.
  path: Assets/2D Animation Demo/Prefabs/Enemy.prefab
  artifactKey: Guid(c3b77266ea0668e4289e92aa866a25ed) Importer(815301076,1909f56bfc062723c751e8b465ee728b)
Start importing Assets/2D Animation Demo/Prefabs/Enemy.prefab using Guid(c3b77266ea0668e4289e92aa866a25ed) Importer(815301076,1909f56bfc062723c751e8b465ee728b)  -> (artifact id: '39938a306eed43fb0eb8998ef8abd310') in 0.086924 seconds 
  Import took 0.093809 seconds .

========================================================================
Received Import Request.
  Time since last request: 4.961914 seconds.
  path: Assets/2D Animation Demo/Textures
  artifactKey: Guid(11138f9f472c8554294e3d5664cd4e83) Importer(815301076,1909f56bfc062723c751e8b465ee728b)
Start importing Assets/2D Animation Demo/Textures using Guid(11138f9f472c8554294e3d5664cd4e83) Importer(815301076,1909f56bfc062723c751e8b465ee728b)  -> (artifact id: 'dc3705c744efcb26d73ce7c45f477330') in 0.008230 seconds 
  Import took 0.012346 seconds .

========================================================================
Received Import Request.
  Time since last request: 0.273434 seconds.
  path: Assets/2D Animation Demo/Textures/0.png
  artifactKey: Guid(e63bf54d99330344eb7d12640f16eb56) Importer(815301076,1909f56bfc062723c751e8b465ee728b)
Start importing Assets/2D Animation Demo/Textures/0.png using Guid(e63bf54d99330344eb7d12640f16eb56) Importer(815301076,1909f56bfc062723c751e8b465ee728b)  -> (artifact id: 'd0935ed404d2360c39afcf0a23943f2e') in 0.067150 seconds 
  Import took 0.070656 seconds .

========================================================================
Received Import Request.
  Time since last request: 0.000210 seconds.
  path: Assets/2D Animation Demo/Textures/pb1.png
  artifactKey: Guid(b35c3ad307fe8e54b95efa2931f24ce4) Importer(815301076,1909f56bfc062723c751e8b465ee728b)
Start importing Assets/2D Animation Demo/Textures/pb1.png using Guid(b35c3ad307fe8e54b95efa2931f24ce4) Importer(815301076,1909f56bfc062723c751e8b465ee728b)  -> (artifact id: '9bb6eecae4fb3960f71ccf2860db30a1') in 0.024493 seconds 
  Import took 0.027590 seconds .

========================================================================
Received Import Request.
  Time since last request: 0.000150 seconds.
  path: Assets/2D Animation Demo/Textures/2.png
  artifactKey: Guid(cbce2a17e54ea9f4bbb4fa6253226f4a) Importer(815301076,1909f56bfc062723c751e8b465ee728b)
Start importing Assets/2D Animation Demo/Textures/2.png using Guid(cbce2a17e54ea9f4bbb4fa6253226f4a) Importer(815301076,1909f56bfc062723c751e8b465ee728b)  -> (artifact id: '5dd5b00eb525bbcefc267442bc041bc6') in 0.023923 seconds 
  Import took 0.026647 seconds .

========================================================================
Received Import Request.
  Time since last request: 0.000201 seconds.
  path: Assets/2D Animation Demo/Textures/p0.png
  artifactKey: Guid(a79c96d8d1b08b14c889b7f2d6086498) Importer(815301076,1909f56bfc062723c751e8b465ee728b)
Start importing Assets/2D Animation Demo/Textures/p0.png using Guid(a79c96d8d1b08b14c889b7f2d6086498) Importer(815301076,1909f56bfc062723c751e8b465ee728b)  -> (artifact id: '12047c149f5d19ba485a71bd53c5b056') in 0.022813 seconds 
  Import took 0.025537 seconds .

========================================================================
Received Import Request.
  Time since last request: 0.000230 seconds.
  path: Assets/2D Animation Demo/Textures/5.png
  artifactKey: Guid(4f106859661feda4d88839805df2b7f9) Importer(815301076,1909f56bfc062723c751e8b465ee728b)
Start importing Assets/2D Animation Demo/Textures/5.png using Guid(4f106859661feda4d88839805df2b7f9) Importer(815301076,1909f56bfc062723c751e8b465ee728b)  -> (artifact id: '16320170a09d8e2f1067108abb10f897') in 0.020130 seconds 
  Import took 0.023366 seconds .

========================================================================
Received Import Request.
  Time since last request: 0.000327 seconds.
  path: Assets/2D Animation Demo/Textures/pb2.png
  artifactKey: Guid(48dd7d20eab651f488ba010ca5056433) Importer(815301076,1909f56bfc062723c751e8b465ee728b)
Start importing Assets/2D Animation Demo/Textures/pb2.png using Guid(48dd7d20eab651f488ba010ca5056433) Importer(815301076,1909f56bfc062723c751e8b465ee728b)  -> (artifact id: '72753e8766dfb3e077855973f8cbf32c') in 0.023189 seconds 
  Import took 0.026368 seconds .

========================================================================
Received Import Request.
  Time since last request: 0.000183 seconds.
  path: Assets/2D Animation Demo/Textures/pb0.png
  artifactKey: Guid(24f0c31b607d54e46af18406a5d48eda) Importer(815301076,1909f56bfc062723c751e8b465ee728b)
Start importing Assets/2D Animation Demo/Textures/pb0.png using Guid(24f0c31b607d54e46af18406a5d48eda) Importer(815301076,1909f56bfc062723c751e8b465ee728b)  -> (artifact id: '82b2dc0c4d32b95c73a6434516612976') in 0.017797 seconds 
  Import took 0.020637 seconds .

========================================================================
Received Import Request.
  Time since last request: 0.000233 seconds.
  path: Assets/2D Animation Demo/Textures/p1.png
  artifactKey: Guid(ff9e4167d9f31414bb205f5a29f85ea1) Importer(815301076,1909f56bfc062723c751e8b465ee728b)
Start importing Assets/2D Animation Demo/Textures/p1.png using Guid(ff9e4167d9f31414bb205f5a29f85ea1) Importer(815301076,1909f56bfc062723c751e8b465ee728b)  -> (artifact id: 'af5e75f65bc71912d445964f0b9e20b7') in 0.017503 seconds 
  Import took 0.020410 seconds .

========================================================================
Received Import Request.
  Time since last request: 0.000204 seconds.
  path: Assets/2D Animation Demo/Textures/3.png
  artifactKey: Guid(9bcdfa56c44128044a01ad6b8c0471a9) Importer(815301076,1909f56bfc062723c751e8b465ee728b)
Start importing Assets/2D Animation Demo/Textures/3.png using Guid(9bcdfa56c44128044a01ad6b8c0471a9) Importer(815301076,1909f56bfc062723c751e8b465ee728b)  -> (artifact id: 'f98cfdf369ffe0be10f5079e6e5a4a90') in 0.017915 seconds 
  Import took 0.020827 seconds .

========================================================================
Received Import Request.
  Time since last request: 0.000187 seconds.
  path: Assets/2D Animation Demo/Textures/1.png
  artifactKey: Guid(270803a85db93f648b89f2efa45a754d) Importer(815301076,1909f56bfc062723c751e8b465ee728b)
Start importing Assets/2D Animation Demo/Textures/1.png using Guid(270803a85db93f648b89f2efa45a754d) Importer(815301076,1909f56bfc062723c751e8b465ee728b)  -> (artifact id: '4611beb48cd701f57bcf6e741884322c') in 0.016531 seconds 
  Import took 0.019661 seconds .

========================================================================
Received Import Request.
  Time since last request: 0.000189 seconds.
  path: Assets/2D Animation Demo/Textures/6.png
  artifactKey: Guid(ea87f03ec90078a4a962d4718c400c05) Importer(815301076,1909f56bfc062723c751e8b465ee728b)
Start importing Assets/2D Animation Demo/Textures/6.png using Guid(ea87f03ec90078a4a962d4718c400c05) Importer(815301076,1909f56bfc062723c751e8b465ee728b)  -> (artifact id: '3f93dba608822d56d4df8bda90d6a6a4') in 0.016941 seconds 
  Import took 0.019809 seconds .

========================================================================
Received Import Request.
  Time since last request: 0.000190 seconds.
  path: Assets/2D Animation Demo/Textures/4.png
  artifactKey: Guid(4cf38d345b4b1e9498a093f87318a82e) Importer(815301076,1909f56bfc062723c751e8b465ee728b)
Start importing Assets/2D Animation Demo/Textures/4.png using Guid(4cf38d345b4b1e9498a093f87318a82e) Importer(815301076,1909f56bfc062723c751e8b465ee728b)  -> (artifact id: '6f9e1fe29989620fe8f294a41837e539') in 0.017260 seconds 
  Import took 0.020122 seconds .

========================================================================
Received Import Request.
  Time since last request: 0.000184 seconds.
  path: Assets/2D Animation Demo/Textures/p2.png
  artifactKey: Guid(1153a4a77d0739641a755866cbb828c9) Importer(815301076,1909f56bfc062723c751e8b465ee728b)
Start importing Assets/2D Animation Demo/Textures/p2.png using Guid(1153a4a77d0739641a755866cbb828c9) Importer(815301076,1909f56bfc062723c751e8b465ee728b)  -> (artifact id: '75b2091b10aac7c5597bb990ce07e78f') in 0.017362 seconds 
  Import took 0.020193 seconds .

========================================================================
Received Import Request.
  Time since last request: 4601.502014 seconds.
  path: Assets/2D Animation Demo/Animations
  artifactKey: Guid(c81bec7fcdb71ca44bed85e9a84f1158) Importer(815301076,1909f56bfc062723c751e8b465ee728b)
Start importing Assets/2D Animation Demo/Animations using Guid(c81bec7fcdb71ca44bed85e9a84f1158) Importer(815301076,1909f56bfc062723c751e8b465ee728b)  -> (artifact id: 'f50681d681bb4abb5382032cf5759ed6') in 0.006400 seconds 
  Import took 0.010776 seconds .

========================================================================
Received Import Request.
  Time since last request: 24.188506 seconds.
  path: Assets/2D Animation Demo/Animations/New Animator Controller.controller
  artifactKey: Guid(ec1bd12116b6a8341a5b3cfec85cdf0a) Importer(815301076,1909f56bfc062723c751e8b465ee728b)
Start importing Assets/2D Animation Demo/Animations/New Animator Controller.controller using Guid(ec1bd12116b6a8341a5b3cfec85cdf0a) Importer(815301076,1909f56bfc062723c751e8b465ee728b)  -> (artifact id: '4e4aae4fdb588c2e881fa123778f98c2') in 0.011147 seconds 
  Import took 0.015289 seconds .

========================================================================
Received Import Request.
  Time since last request: 17.915814 seconds.
  path: Assets/2D Animation Demo/Animations/Player Controller SFM.controller
  artifactKey: Guid(ec1bd12116b6a8341a5b3cfec85cdf0a) Importer(815301076,1909f56bfc062723c751e8b465ee728b)
Start importing Assets/2D Animation Demo/Animations/Player Controller SFM.controller using Guid(ec1bd12116b6a8341a5b3cfec85cdf0a) Importer(815301076,1909f56bfc062723c751e8b465ee728b)  -> (artifact id: '8c8c9df6db6c7fabe0df2bf10c412feb') in 0.006940 seconds 
  Import took 0.011263 seconds .

========================================================================
Received Import Request.
  Time since last request: 13.249744 seconds.
  path: Assets/2D Animation Demo/Animations/Player Animator SFM.controller
  artifactKey: Guid(ec1bd12116b6a8341a5b3cfec85cdf0a) Importer(815301076,1909f56bfc062723c751e8b465ee728b)
Start importing Assets/2D Animation Demo/Animations/Player Animator SFM.controller using Guid(ec1bd12116b6a8341a5b3cfec85cdf0a) Importer(815301076,1909f56bfc062723c751e8b465ee728b)  -> (artifact id: '524fb7d02d46258a1ac7aa8b73c0838e') in 0.006793 seconds 
  Import took 0.011151 seconds .

========================================================================
Received Import Request.
  Time since last request: 12.167927 seconds.
  path: Assets/2D Animation Demo/Animations/Player Animator FSM.controller
  artifactKey: Guid(ec1bd12116b6a8341a5b3cfec85cdf0a) Importer(815301076,1909f56bfc062723c751e8b465ee728b)
Start importing Assets/2D Animation Demo/Animations/Player Animator FSM.controller using Guid(ec1bd12116b6a8341a5b3cfec85cdf0a) Importer(815301076,1909f56bfc062723c751e8b465ee728b)  -> (artifact id: '3768531e451f42c1ff00cf7217bba57f') in 0.006987 seconds 
  Import took 0.011040 seconds .

========================================================================
Received Import Request.
  Time since last request: 69.738541 seconds.
  path: Assets/2D Animation Demo/Animations/Player Idle.anim
  artifactKey: Guid(a53a3670dcf60df4290747518fccfbaa) Importer(815301076,1909f56bfc062723c751e8b465ee728b)
Start importing Assets/2D Animation Demo/Animations/Player Idle.anim using Guid(a53a3670dcf60df4290747518fccfbaa) Importer(815301076,1909f56bfc062723c751e8b465ee728b)  -> (artifact id: '8b9e6800d0c91e91edc0619c2e13512c') in 0.008551 seconds 
  Import took 0.011888 seconds .

========================================================================
Received Import Request.
  Time since last request: 2024.053959 seconds.
  path: Assets/2D Animation Demo/Animations/Player Idle.anim
  artifactKey: Guid(a53a3670dcf60df4290747518fccfbaa) Importer(815301076,1909f56bfc062723c751e8b465ee728b)
Start importing Assets/2D Animation Demo/Animations/Player Idle.anim using Guid(a53a3670dcf60df4290747518fccfbaa) Importer(815301076,1909f56bfc062723c751e8b465ee728b)  -> (artifact id: 'd061dbceeba3425d24a7b23c4dc52a4a') in 0.006162 seconds 
  Import took 0.009873 seconds .

========================================================================
Received Import Request.
  Time since last request: 32.432923 seconds.
  path: Assets/2D Animation Demo/Animations/Player Idle 1.anim
  artifactKey: Guid(44bbe4ebb09d7f748a75de5f263f17fe) Importer(815301076,1909f56bfc062723c751e8b465ee728b)
Start importing Assets/2D Animation Demo/Animations/Player Idle 1.anim using Guid(44bbe4ebb09d7f748a75de5f263f17fe) Importer(815301076,1909f56bfc062723c751e8b465ee728b)  -> (artifact id: 'dd7ba8d26a25f3f31facb0f7fbea7368') in 0.006748 seconds 
  Import took 0.010553 seconds .

========================================================================
Received Import Request.
  Time since last request: 6.859814 seconds.
  path: Assets/2D Animation Demo/Animations/Player Shoot.anim
  artifactKey: Guid(44bbe4ebb09d7f748a75de5f263f17fe) Importer(815301076,1909f56bfc062723c751e8b465ee728b)
Start importing Assets/2D Animation Demo/Animations/Player Shoot.anim using Guid(44bbe4ebb09d7f748a75de5f263f17fe) Importer(815301076,1909f56bfc062723c751e8b465ee728b)  -> (artifact id: 'c7d341699b6536c2f01aea3f26d36aae') in 0.006375 seconds 
  Import took 0.010086 seconds .

========================================================================
Received Import Request.
  Time since last request: 85.563964 seconds.
  path: Assets/2D Animation Demo/Animations/Player Idle.anim
  artifactKey: Guid(a53a3670dcf60df4290747518fccfbaa) Importer(815301076,1909f56bfc062723c751e8b465ee728b)
Start importing Assets/2D Animation Demo/Animations/Player Idle.anim using Guid(a53a3670dcf60df4290747518fccfbaa) Importer(815301076,1909f56bfc062723c751e8b465ee728b)  -> (artifact id: 'ab3cf6d4a8b7a79fc318c17bb750d434') in 0.003227 seconds 
  Import took 0.007365 seconds .

========================================================================
Received Prepare
Registering precompiled user dll's ...
Registered in 0.006646 seconds.
Begin MonoManager ReloadAssembly
Native extension for WindowsStandalone target not found
Native extension for WebGL target not found
Refreshing native plugins compatible for Editor in 0.54 ms, found 3 plugins.
Preloading 0 native plugins for Editor in 0.00 ms.
Mono: successfully reloaded assembly
- Completed reload, in  0.879 seconds
Domain Reload Profiling:
	ReloadAssembly (879ms)
		BeginReloadAssembly (165ms)
			ExecutionOrderSort (0ms)
			DisableScriptedObjects (10ms)
			BackupInstance (0ms)
			ReleaseScriptingObjects (0ms)
			CreateAndSetChildDomain (77ms)
		EndReloadAssembly (664ms)
			LoadAssemblies (90ms)
			RebuildTransferFunctionScriptingTraits (0ms)
			SetupTypeCache (235ms)
			ReleaseScriptCaches (1ms)
			RebuildScriptCaches (35ms)
			SetupLoadedEditorAssemblies (238ms)
				LogAssemblyErrors (0ms)
				InitializePlatformSupportModulesInManaged (4ms)
				SetLoadedEditorAssemblies (0ms)
				RefreshPlugins (1ms)
				BeforeProcessingInitializeOnLoad (68ms)
				ProcessInitializeOnLoadAttributes (154ms)
				ProcessInitializeOnLoadMethodAttributes (8ms)
				AfterProcessingInitializeOnLoad (2ms)
				EditorAssembliesLoaded (0ms)
			ExecutionOrderSort2 (0ms)
			AwakeInstancesAfterBackupRestoration (7ms)
Platform modules already initialized, skipping
Refreshing native plugins compatible for Editor in 0.54 ms, found 3 plugins.
Preloading 0 native plugins for Editor in 0.00 ms.
Unloading 2196 Unused Serialized files (Serialized files now loaded: 0)
System memory in use before: 99.0 MB.
System memory in use after: 98.9 MB.

Unloading 20 unused Assets to reduce memory usage. Loaded Objects now: 2646.
Total: 2.990700 ms (FindLiveObjects: 0.202500 ms CreateObjectMapping: 0.051300 ms MarkObjects: 2.612000 ms  DeleteObjects: 0.123800 ms)

AssetImportParameters requested are different than current active one (requested -> active):
  custom:framework-win-MediaFoundation: 216162199b28c13a410421893ffa2e32 -> 
  custom:video-decoder-ogg-theora: a1e56fd34408186e4bbccfd4996cb3dc -> 
  custom:container-muxer-webm: aa71ff27fc2769a1b78a27578f13a17b -> 
  custom:container-demuxer-webm: 4f35f7cbe854078d1ac9338744f61a02 -> 
  custom:container-demuxer-ogg: 62fdf1f143b41e24485cea50d1cbac27 -> 
  custom:video-encoder-webm-vp8: eb34c28f22e8b96e1ab97ce403110664 -> 
  custom:video-decoder-webm-vp8: 9c59270c3fd7afecdb556c50c9e8de78 -> 
  custom:audio-decoder-ogg-vorbis: bf7c407c2cedff20999df2af8eb42d56 -> 
  custom:audio-encoder-webm-vorbis: bf7c407c2cedff20999df2af8eb42d56 -> 
========================================================================
Received Prepare
Registering precompiled user dll's ...
Registered in 0.002899 seconds.
Begin MonoManager ReloadAssembly
Native extension for WindowsStandalone target not found
Native extension for WebGL target not found
Refreshing native plugins compatible for Editor in 0.59 ms, found 3 plugins.
Preloading 0 native plugins for Editor in 0.00 ms.
Mono: successfully reloaded assembly
- Completed reload, in  0.805 seconds
Domain Reload Profiling:
	ReloadAssembly (805ms)
		BeginReloadAssembly (93ms)
			ExecutionOrderSort (0ms)
			DisableScriptedObjects (5ms)
			BackupInstance (0ms)
			ReleaseScriptingObjects (0ms)
			CreateAndSetChildDomain (30ms)
		EndReloadAssembly (660ms)
			LoadAssemblies (74ms)
			RebuildTransferFunctionScriptingTraits (0ms)
			SetupTypeCache (228ms)
			ReleaseScriptCaches (1ms)
			RebuildScriptCaches (38ms)
			SetupLoadedEditorAssemblies (239ms)
				LogAssemblyErrors (0ms)
				InitializePlatformSupportModulesInManaged (4ms)
				SetLoadedEditorAssemblies (0ms)
				RefreshPlugins (1ms)
				BeforeProcessingInitializeOnLoad (68ms)
				ProcessInitializeOnLoadAttributes (155ms)
				ProcessInitializeOnLoadMethodAttributes (8ms)
				AfterProcessingInitializeOnLoad (2ms)
				EditorAssembliesLoaded (0ms)
			ExecutionOrderSort2 (0ms)
			AwakeInstancesAfterBackupRestoration (7ms)
Platform modules already initialized, skipping
Refreshing native plugins compatible for Editor in 0.56 ms, found 3 plugins.
Preloading 0 native plugins for Editor in 0.00 ms.
Unloading 2196 Unused Serialized files (Serialized files now loaded: 0)
System memory in use before: 99.0 MB.
System memory in use after: 99.0 MB.

Unloading 20 unused Assets to reduce memory usage. Loaded Objects now: 2648.
Total: 2.948300 ms (FindLiveObjects: 0.198000 ms CreateObjectMapping: 0.059600 ms MarkObjects: 2.565200 ms  DeleteObjects: 0.124700 ms)

AssetImportParameters requested are different than current active one (requested -> active):
  custom:framework-win-MediaFoundation: 216162199b28c13a410421893ffa2e32 -> 
  custom:video-decoder-ogg-theora: a1e56fd34408186e4bbccfd4996cb3dc -> 
  custom:container-muxer-webm: aa71ff27fc2769a1b78a27578f13a17b -> 
  custom:container-demuxer-webm: 4f35f7cbe854078d1ac9338744f61a02 -> 
  custom:container-demuxer-ogg: 62fdf1f143b41e24485cea50d1cbac27 -> 
  custom:video-encoder-webm-vp8: eb34c28f22e8b96e1ab97ce403110664 -> 
  custom:video-decoder-webm-vp8: 9c59270c3fd7afecdb556c50c9e8de78 -> 
  custom:audio-decoder-ogg-vorbis: bf7c407c2cedff20999df2af8eb42d56 -> 
  custom:audio-encoder-webm-vorbis: bf7c407c2cedff20999df2af8eb42d56 -> 
========================================================================
Received Prepare
Registering precompiled user dll's ...
Registered in 0.002681 seconds.
Begin MonoManager ReloadAssembly
Native extension for WindowsStandalone target not found
Native extension for WebGL target not found
Refreshing native plugins compatible for Editor in 0.56 ms, found 3 plugins.
Preloading 0 native plugins for Editor in 0.00 ms.
Mono: successfully reloaded assembly
- Completed reload, in  0.813 seconds
Domain Reload Profiling:
	ReloadAssembly (814ms)
		BeginReloadAssembly (94ms)
			ExecutionOrderSort (0ms)
			DisableScriptedObjects (5ms)
			BackupInstance (0ms)
			ReleaseScriptingObjects (0ms)
			CreateAndSetChildDomain (30ms)
		EndReloadAssembly (671ms)
			LoadAssemblies (75ms)
			RebuildTransferFunctionScriptingTraits (0ms)
			SetupTypeCache (236ms)
			ReleaseScriptCaches (1ms)
			RebuildScriptCaches (40ms)
			SetupLoadedEditorAssemblies (240ms)
				LogAssemblyErrors (0ms)
				InitializePlatformSupportModulesInManaged (4ms)
				SetLoadedEditorAssemblies (0ms)
				RefreshPlugins (1ms)
				BeforeProcessingInitializeOnLoad (68ms)
				ProcessInitializeOnLoadAttributes (155ms)
				ProcessInitializeOnLoadMethodAttributes (10ms)
				AfterProcessingInitializeOnLoad (2ms)
				EditorAssembliesLoaded (0ms)
			ExecutionOrderSort2 (0ms)
			AwakeInstancesAfterBackupRestoration (7ms)
Platform modules already initialized, skipping
Refreshing native plugins compatible for Editor in 0.54 ms, found 3 plugins.
Preloading 0 native plugins for Editor in 0.00 ms.
Unloading 2196 Unused Serialized files (Serialized files now loaded: 0)
System memory in use before: 99.0 MB.
System memory in use after: 99.0 MB.

Unloading 20 unused Assets to reduce memory usage. Loaded Objects now: 2650.
Total: 3.157400 ms (FindLiveObjects: 0.202600 ms CreateObjectMapping: 0.052000 ms MarkObjects: 2.746800 ms  DeleteObjects: 0.155000 ms)

AssetImportParameters requested are different than current active one (requested -> active):
  custom:framework-win-MediaFoundation: 216162199b28c13a410421893ffa2e32 -> 
  custom:video-decoder-ogg-theora: a1e56fd34408186e4bbccfd4996cb3dc -> 
  custom:container-muxer-webm: aa71ff27fc2769a1b78a27578f13a17b -> 
  custom:container-demuxer-webm: 4f35f7cbe854078d1ac9338744f61a02 -> 
  custom:container-demuxer-ogg: 62fdf1f143b41e24485cea50d1cbac27 -> 
  custom:video-encoder-webm-vp8: eb34c28f22e8b96e1ab97ce403110664 -> 
  custom:video-decoder-webm-vp8: 9c59270c3fd7afecdb556c50c9e8de78 -> 
  custom:audio-decoder-ogg-vorbis: bf7c407c2cedff20999df2af8eb42d56 -> 
  custom:audio-encoder-webm-vorbis: bf7c407c2cedff20999df2af8eb42d56 -> 
========================================================================
Received Prepare
Registering precompiled user dll's ...
Registered in 0.002686 seconds.
Begin MonoManager ReloadAssembly
Native extension for WindowsStandalone target not found
Native extension for WebGL target not found
Refreshing native plugins compatible for Editor in 0.62 ms, found 3 plugins.
Preloading 0 native plugins for Editor in 0.00 ms.
Mono: successfully reloaded assembly
- Completed reload, in  0.811 seconds
Domain Reload Profiling:
	ReloadAssembly (812ms)
		BeginReloadAssembly (103ms)
			ExecutionOrderSort (0ms)
			DisableScriptedObjects (5ms)
			BackupInstance (0ms)
			ReleaseScriptingObjects (0ms)
			CreateAndSetChildDomain (32ms)
		EndReloadAssembly (659ms)
			LoadAssemblies (81ms)
			RebuildTransferFunctionScriptingTraits (0ms)
			SetupTypeCache (223ms)
			ReleaseScriptCaches (1ms)
			RebuildScriptCaches (36ms)
			SetupLoadedEditorAssemblies (239ms)
				LogAssemblyErrors (0ms)
				InitializePlatformSupportModulesInManaged (5ms)
				SetLoadedEditorAssemblies (0ms)
				RefreshPlugins (1ms)
				BeforeProcessingInitializeOnLoad (69ms)
				ProcessInitializeOnLoadAttributes (153ms)
				ProcessInitializeOnLoadMethodAttributes (8ms)
				AfterProcessingInitializeOnLoad (2ms)
				EditorAssembliesLoaded (0ms)
			ExecutionOrderSort2 (0ms)
			AwakeInstancesAfterBackupRestoration (7ms)
Platform modules already initialized, skipping
Refreshing native plugins compatible for Editor in 0.64 ms, found 3 plugins.
Preloading 0 native plugins for Editor in 0.00 ms.
Unloading 2196 Unused Serialized files (Serialized files now loaded: 0)
System memory in use before: 99.0 MB.
System memory in use after: 99.0 MB.

Unloading 20 unused Assets to reduce memory usage. Loaded Objects now: 2652.
Total: 3.009500 ms (FindLiveObjects: 0.183100 ms CreateObjectMapping: 0.048600 ms MarkObjects: 2.652800 ms  DeleteObjects: 0.124300 ms)

AssetImportParameters requested are different than current active one (requested -> active):
  custom:framework-win-MediaFoundation: 216162199b28c13a410421893ffa2e32 -> 
  custom:video-decoder-ogg-theora: a1e56fd34408186e4bbccfd4996cb3dc -> 
  custom:container-muxer-webm: aa71ff27fc2769a1b78a27578f13a17b -> 
  custom:container-demuxer-webm: 4f35f7cbe854078d1ac9338744f61a02 -> 
  custom:container-demuxer-ogg: 62fdf1f143b41e24485cea50d1cbac27 -> 
  custom:video-encoder-webm-vp8: eb34c28f22e8b96e1ab97ce403110664 -> 
  custom:video-decoder-webm-vp8: 9c59270c3fd7afecdb556c50c9e8de78 -> 
  custom:audio-decoder-ogg-vorbis: bf7c407c2cedff20999df2af8eb42d56 -> 
  custom:audio-encoder-webm-vorbis: bf7c407c2cedff20999df2af8eb42d56 -> 
========================================================================
Received Import Request.
  Time since last request: 812.578949 seconds.
  path: Assets/2D Animation Demo/Animations/Player Animator FSM.controller
  artifactKey: Guid(ec1bd12116b6a8341a5b3cfec85cdf0a) Importer(815301076,1909f56bfc062723c751e8b465ee728b)
Start importing Assets/2D Animation Demo/Animations/Player Animator FSM.controller using Guid(ec1bd12116b6a8341a5b3cfec85cdf0a) Importer(815301076,1909f56bfc062723c751e8b465ee728b)  -> (artifact id: 'd95a97ebfb866e2898613c528402e133') in 0.014415 seconds 
  Import took 0.017896 seconds .

========================================================================
Received Import Request.
  Time since last request: 891.182232 seconds.
  path: Assets/2D Animation Demo/Scripts/Player.cs
  artifactKey: Guid(4cdcdc8f506968548b9b30cef6fdf27c) Importer(815301076,1909f56bfc062723c751e8b465ee728b)
Start importing Assets/2D Animation Demo/Scripts/Player.cs using Guid(4cdcdc8f506968548b9b30cef6fdf27c) Importer(815301076,1909f56bfc062723c751e8b465ee728b)  -> (artifact id: '078f64c9ad0bde57fb4d60a08592ec87') in 0.006808 seconds 
  Import took 0.011043 seconds .

========================================================================
Received Import Request.
  Time since last request: 57.710556 seconds.
  path: Assets/2D Animation Demo/Scripts/Player.cs
  artifactKey: Guid(4cdcdc8f506968548b9b30cef6fdf27c) Importer(815301076,1909f56bfc062723c751e8b465ee728b)
Start importing Assets/2D Animation Demo/Scripts/Player.cs using Guid(4cdcdc8f506968548b9b30cef6fdf27c) Importer(815301076,1909f56bfc062723c751e8b465ee728b)  -> (artifact id: '938a5cafc14011a9a53fdb94b8736e78') in 0.002607 seconds 
  Import took 0.005935 seconds .

========================================================================
Received Prepare
Registering precompiled user dll's ...
Registered in 0.002859 seconds.
Begin MonoManager ReloadAssembly
Native extension for WindowsStandalone target not found
Native extension for WebGL target not found
Refreshing native plugins compatible for Editor in 0.54 ms, found 3 plugins.
Preloading 0 native plugins for Editor in 0.00 ms.
Mono: successfully reloaded assembly
- Completed reload, in  0.816 seconds
Domain Reload Profiling:
	ReloadAssembly (816ms)
		BeginReloadAssembly (96ms)
			ExecutionOrderSort (0ms)
			DisableScriptedObjects (5ms)
			BackupInstance (0ms)
			ReleaseScriptingObjects (0ms)
			CreateAndSetChildDomain (31ms)
		EndReloadAssembly (672ms)
			LoadAssemblies (80ms)
			RebuildTransferFunctionScriptingTraits (0ms)
			SetupTypeCache (242ms)
			ReleaseScriptCaches (1ms)
			RebuildScriptCaches (36ms)
			SetupLoadedEditorAssemblies (236ms)
				LogAssemblyErrors (0ms)
				InitializePlatformSupportModulesInManaged (4ms)
				SetLoadedEditorAssemblies (0ms)
				RefreshPlugins (1ms)
				BeforeProcessingInitializeOnLoad (66ms)
				ProcessInitializeOnLoadAttributes (155ms)
				ProcessInitializeOnLoadMethodAttributes (8ms)
				AfterProcessingInitializeOnLoad (2ms)
				EditorAssembliesLoaded (0ms)
			ExecutionOrderSort2 (0ms)
			AwakeInstancesAfterBackupRestoration (7ms)
Platform modules already initialized, skipping
Refreshing native plugins compatible for Editor in 0.72 ms, found 3 plugins.
Preloading 0 native plugins for Editor in 0.00 ms.
Unloading 2196 Unused Serialized files (Serialized files now loaded: 0)
System memory in use before: 99.0 MB.
System memory in use after: 99.0 MB.

Unloading 20 unused Assets to reduce memory usage. Loaded Objects now: 2654.
Total: 3.165300 ms (FindLiveObjects: 0.244600 ms CreateObjectMapping: 0.062300 ms MarkObjects: 2.727800 ms  DeleteObjects: 0.129700 ms)

AssetImportParameters requested are different than current active one (requested -> active):
  custom:framework-win-MediaFoundation: 216162199b28c13a410421893ffa2e32 -> 
  custom:video-decoder-ogg-theora: a1e56fd34408186e4bbccfd4996cb3dc -> 
  custom:container-muxer-webm: aa71ff27fc2769a1b78a27578f13a17b -> 
  custom:container-demuxer-webm: 4f35f7cbe854078d1ac9338744f61a02 -> 
  custom:container-demuxer-ogg: 62fdf1f143b41e24485cea50d1cbac27 -> 
  custom:video-encoder-webm-vp8: eb34c28f22e8b96e1ab97ce403110664 -> 
  custom:video-decoder-webm-vp8: 9c59270c3fd7afecdb556c50c9e8de78 -> 
  custom:audio-decoder-ogg-vorbis: bf7c407c2cedff20999df2af8eb42d56 -> 
  custom:audio-encoder-webm-vorbis: bf7c407c2cedff20999df2af8eb42d56 -> 
========================================================================
Received Prepare
Registering precompiled user dll's ...
Registered in 0.002733 seconds.
Begin MonoManager ReloadAssembly
Native extension for WindowsStandalone target not found
Native extension for WebGL target not found
Refreshing native plugins compatible for Editor in 0.54 ms, found 3 plugins.
Preloading 0 native plugins for Editor in 0.00 ms.
Mono: successfully reloaded assembly
- Completed reload, in  0.800 seconds
Domain Reload Profiling:
	ReloadAssembly (800ms)
		BeginReloadAssembly (94ms)
			ExecutionOrderSort (0ms)
			DisableScriptedObjects (5ms)
			BackupInstance (0ms)
			ReleaseScriptingObjects (0ms)
			CreateAndSetChildDomain (30ms)
		EndReloadAssembly (655ms)
			LoadAssemblies (76ms)
			RebuildTransferFunctionScriptingTraits (0ms)
			SetupTypeCache (227ms)
			ReleaseScriptCaches (1ms)
			RebuildScriptCaches (34ms)
			SetupLoadedEditorAssemblies (240ms)
				LogAssemblyErrors (0ms)
				InitializePlatformSupportModulesInManaged (4ms)
				SetLoadedEditorAssemblies (0ms)
				RefreshPlugins (1ms)
				BeforeProcessingInitializeOnLoad (66ms)
				ProcessInitializeOnLoadAttributes (158ms)
				ProcessInitializeOnLoadMethodAttributes (10ms)
				AfterProcessingInitializeOnLoad (2ms)
				EditorAssembliesLoaded (0ms)
			ExecutionOrderSort2 (0ms)
			AwakeInstancesAfterBackupRestoration (7ms)
Platform modules already initialized, skipping
Refreshing native plugins compatible for Editor in 0.50 ms, found 3 plugins.
Preloading 0 native plugins for Editor in 0.00 ms.
Unloading 2196 Unused Serialized files (Serialized files now loaded: 0)
System memory in use before: 99.0 MB.
System memory in use after: 99.0 MB.

Unloading 20 unused Assets to reduce memory usage. Loaded Objects now: 2656.
Total: 3.269500 ms (FindLiveObjects: 0.192100 ms CreateObjectMapping: 0.058500 ms MarkObjects: 2.878800 ms  DeleteObjects: 0.138900 ms)

AssetImportParameters requested are different than current active one (requested -> active):
  custom:framework-win-MediaFoundation: 216162199b28c13a410421893ffa2e32 -> 
  custom:video-decoder-ogg-theora: a1e56fd34408186e4bbccfd4996cb3dc -> 
  custom:container-muxer-webm: aa71ff27fc2769a1b78a27578f13a17b -> 
  custom:container-demuxer-webm: 4f35f7cbe854078d1ac9338744f61a02 -> 
  custom:container-demuxer-ogg: 62fdf1f143b41e24485cea50d1cbac27 -> 
  custom:video-encoder-webm-vp8: eb34c28f22e8b96e1ab97ce403110664 -> 
  custom:video-decoder-webm-vp8: 9c59270c3fd7afecdb556c50c9e8de78 -> 
  custom:audio-decoder-ogg-vorbis: bf7c407c2cedff20999df2af8eb42d56 -> 
  custom:audio-encoder-webm-vorbis: bf7c407c2cedff20999df2af8eb42d56 -> 
========================================================================
Received Prepare
Registering precompiled user dll's ...
Registered in 0.002681 seconds.
Begin MonoManager ReloadAssembly
Native extension for WindowsStandalone target not found
Native extension for WebGL target not found
Refreshing native plugins compatible for Editor in 0.53 ms, found 3 plugins.
Preloading 0 native plugins for Editor in 0.00 ms.
Mono: successfully reloaded assembly
- Completed reload, in  0.791 seconds
Domain Reload Profiling:
	ReloadAssembly (791ms)
		BeginReloadAssembly (94ms)
			ExecutionOrderSort (0ms)
			DisableScriptedObjects (5ms)
			BackupInstance (0ms)
			ReleaseScriptingObjects (0ms)
			CreateAndSetChildDomain (31ms)
		EndReloadAssembly (649ms)
			LoadAssemblies (76ms)
			RebuildTransferFunctionScriptingTraits (0ms)
			SetupTypeCache (224ms)
			ReleaseScriptCaches (1ms)
			RebuildScriptCaches (38ms)
			SetupLoadedEditorAssemblies (233ms)
				LogAssemblyErrors (0ms)
				InitializePlatformSupportModulesInManaged (4ms)
				SetLoadedEditorAssemblies (0ms)
				RefreshPlugins (1ms)
				BeforeProcessingInitializeOnLoad (66ms)
				ProcessInitializeOnLoadAttributes (151ms)
				ProcessInitializeOnLoadMethodAttributes (8ms)
				AfterProcessingInitializeOnLoad (2ms)
				EditorAssembliesLoaded (0ms)
			ExecutionOrderSort2 (0ms)
			AwakeInstancesAfterBackupRestoration (7ms)
Platform modules already initialized, skipping
Refreshing native plugins compatible for Editor in 0.52 ms, found 3 plugins.
Preloading 0 native plugins for Editor in 0.00 ms.
Unloading 2196 Unused Serialized files (Serialized files now loaded: 0)
System memory in use before: 99.1 MB.
System memory in use after: 99.0 MB.

Unloading 20 unused Assets to reduce memory usage. Loaded Objects now: 2658.
Total: 3.092400 ms (FindLiveObjects: 0.167100 ms CreateObjectMapping: 0.050100 ms MarkObjects: 2.756600 ms  DeleteObjects: 0.117900 ms)

AssetImportParameters requested are different than current active one (requested -> active):
  custom:framework-win-MediaFoundation: 216162199b28c13a410421893ffa2e32 -> 
  custom:video-decoder-ogg-theora: a1e56fd34408186e4bbccfd4996cb3dc -> 
  custom:container-muxer-webm: aa71ff27fc2769a1b78a27578f13a17b -> 
  custom:container-demuxer-webm: 4f35f7cbe854078d1ac9338744f61a02 -> 
  custom:container-demuxer-ogg: 62fdf1f143b41e24485cea50d1cbac27 -> 
  custom:video-encoder-webm-vp8: eb34c28f22e8b96e1ab97ce403110664 -> 
  custom:video-decoder-webm-vp8: 9c59270c3fd7afecdb556c50c9e8de78 -> 
  custom:audio-decoder-ogg-vorbis: bf7c407c2cedff20999df2af8eb42d56 -> 
  custom:audio-encoder-webm-vorbis: bf7c407c2cedff20999df2af8eb42d56 -> 
AssetImportWorkerClient::OnTransportError - code=2 error=End of file
